<?xml version="1.0" encoding="UTF-8"?>
<!-- Generated by org.testng.reporters.JUnitXMLReporter -->
<testsuite ignored="0" hostname="RAMYAs-MacBook-Air.local" failures="1" tests="3" name="Error validation Test" time="11.195" errors="0" timestamp="2025-05-29T11:04:02 IST">
  <testcase classname="kalyani.websitetest.tests.ErrorValidation" name="loginValidation" time="0.918">
    <skipped/>
  </testcase> <!-- loginValidation -->
  <testcase classname="kalyani.websitetest.tests.ErrorValidation" name="loginValidation" time="0.331">
    <failure type="java.lang.AssertionError" message="expected [Incorrect email or password.] but found [Incorrect email  password.]">
      <![CDATA[java.lang.AssertionError: expected [Incorrect email or password.] but found [Incorrect email  password.]
at kalyani.websitetest.tests.ErrorValidation.loginValidation(ErrorValidation.java:27)
at java.base/java.util.ArrayList.forEach(ArrayList.java:1596)
at java.base/java.util.concurrent.FutureTask.run(FutureTask.java:317)
at java.base/java.util.concurrent.ThreadPoolExecutor.runWorker(ThreadPoolExecutor.java:1144)
at java.base/java.util.concurrent.ThreadPoolExecutor$Worker.run(ThreadPoolExecutor.java:642)
at java.base/java.lang.Thread.run(Thread.java:1583)
... Removed 21 stack frames]]>
    </failure>
  </testcase> <!-- loginValidation -->
  <testcase classname="kalyani.websitetest.tests.ErrorValidation" name="productErrorValidation" time="2.695"/>
</testsuite> <!-- Error validation Test -->
